{
  "0 debug pnpm:scope": {
    "selected": 1
  },
  "1 error pnpm": {
    "code": "ELIFECYCLE",
    "errno": "ENOENT",
    "syscall": "spawn",
    "file": "sh",
    "pkgid": "next-boilerplate@0.1.0",
    "stage": "dev",
    "script": "next",
    "pkgname": "next-boilerplate",
    "err": {
      "name": "pnpm",
      "message": "next-boilerplate@0.1.0 dev: `next`\nspawn ENOENT",
      "code": "ELIFECYCLE",
      "stack": "pnpm: next-boilerplate@0.1.0 dev: `next`\nspawn ENOENT\n    at ChildProcess.<anonymous> (/Users/caincobain/pnpm-global/5/node_modules/.pnpm/pnpm@6.23.2/node_modules/pnpm/dist/pnpm.cjs:91354:22)\n    at ChildProcess.emit (node:events:390:28)\n    at maybeClose (node:internal/child_process:1062:16)\n    at Process.ChildProcess._handle.onexit (node:internal/child_process:301:5)"
    }
  },
  "2 warn pnpm:global": " Local package.json exists, but node_modules missing, did you mean to install?"
}